\BOOKMARK [1][-]{section.1}{Purpose}{}% 1
\BOOKMARK [1][-]{section.2}{MetaMap API's Underlying Architecture}{}% 2
\BOOKMARK [1][-]{section.3}{Pre-requisites}{}% 3
\BOOKMARK [1][-]{section.4}{Downloading, Extracting and Installing the API distribution}{}% 4
\BOOKMARK [1][-]{section.5}{Using the metamap server}{}% 5
\BOOKMARK [2][-]{subsection.5.1}{Starting supporting servers}{section.5}% 6
\BOOKMARK [2][-]{subsection.5.2}{Running the metamap server}{section.5}% 7
\BOOKMARK [1][-]{section.6}{Testing the API}{}% 8
\BOOKMARK [1][-]{section.7}{Using the API}{}% 9
\BOOKMARK [2][-]{subsection.7.1}{Instantiating the API}{section.7}% 10
\BOOKMARK [2][-]{subsection.7.2}{Setting MetaMap options}{section.7}% 11
\BOOKMARK [2][-]{subsection.7.3}{Performing a query using the api}{section.7}% 12
\BOOKMARK [2][-]{subsection.7.4}{Interrogating the result}{section.7}% 13
\BOOKMARK [3][-]{subsubsection.7.4.1}{Getting Acronyms and Abbreviations}{subsection.7.4}% 14
\BOOKMARK [3][-]{subsubsection.7.4.2}{Getting Negations}{subsection.7.4}% 15
\BOOKMARK [3][-]{subsubsection.7.4.3}{Getting Utterances and Associated Phrases, Candidates, and Mappings}{subsection.7.4}% 16
\BOOKMARK [2][-]{subsection.7.5}{Getting Raw MetaMap Machine Output}{section.7}% 17
\BOOKMARK [1][-]{section.8}{Advanced Configuration}{}% 18
\BOOKMARK [2][-]{subsection.8.1}{Running the metamap server on an alternate host}{section.8}% 19
\BOOKMARK [2][-]{subsection.8.2}{Running the metamap server on an alternate port}{section.8}% 20
\BOOKMARK [2][-]{subsection.8.3}{Specifying alternate MetaMap Server hosts and ports in the API}{section.8}% 21
\BOOKMARK [1][-]{section.9}{Possible enhancements}{}% 22
\BOOKMARK [1][-]{section.10}{Differences compared to MMTx API}{}% 23
\BOOKMARK [1][-]{section.11}{For more information}{}% 24
